[debug] [2020-09-18T17:18:18.215Z] ----------------------------------------------------------------------
[debug] [2020-09-18T17:18:18.218Z] Command:       D:\Program Files\nodejs\node.exe C:\Users\Jobayer\AppData\Roaming\npm\node_modules\firebase-tools\lib\bin\firebase.js init
[debug] [2020-09-18T17:18:18.218Z] CLI Version:   8.10.0
[debug] [2020-09-18T17:18:18.219Z] Platform:      win32
[debug] [2020-09-18T17:18:18.219Z] Node Version:  v10.15.0
[debug] [2020-09-18T17:18:18.220Z] Time:          Fri Sep 18 2020 23:18:18 GMT+0600 (Bangladesh Standard Time)
[debug] [2020-09-18T17:18:18.220Z] ----------------------------------------------------------------------
[debug] [2020-09-18T17:18:18.220Z] 
[debug] [2020-09-18T17:18:18.229Z] > command requires scopes: ["email","openid","https://www.googleapis.com/auth/cloudplatformprojects.readonly","https://www.googleapis.com/auth/firebase","https://www.googleapis.com/auth/cloud-platform"]
[debug] [2020-09-18T17:18:18.230Z] > authorizing via signed-in user
[info] 
     ######## #### ########  ######## ########     ###     ######  ########
     ##        ##  ##     ## ##       ##     ##  ##   ##  ##       ##
     ######    ##  ########  ######   ########  #########  ######  ######
     ##        ##  ##    ##  ##       ##     ## ##     ##       ## ##
     ##       #### ##     ## ######## ########  ##     ##  ######  ########

You're about to initialize a Firebase project in this directory:

  E:\xampp7\htdocs\travel_guru

[info] 
=== Project Setup
[info] 
[info] First, let's associate this project directory with a Firebase project.
[info] You can create multiple project aliases by running firebase use --add, 
[info] but for now we'll just set up a default project.
[info] 
[debug] [2020-09-18T17:18:27.544Z] > refreshing access token with scopes: ["email","https://www.googleapis.com/auth/cloud-platform","https://www.googleapis.com/auth/cloudplatformprojects.readonly","https://www.googleapis.com/auth/firebase","openid"]
[debug] [2020-09-18T17:18:27.544Z] >>> HTTP REQUEST POST https://www.googleapis.com/oauth2/v3/token  
 <request body omitted>
[debug] [2020-09-18T17:18:28.868Z] <<< HTTP RESPONSE 400 {"content-type":"application/json; charset=utf-8","vary":"X-Origin, Referer, Origin,Accept-Encoding","date":"Fri, 18 Sep 2020 17:18:30 GMT","server":"scaffolding on HTTPServer2","cache-control":"private","x-xss-protection":"0","x-frame-options":"SAMEORIGIN","x-content-type-options":"nosniff","alt-svc":"h3-Q050=\":443\"; ma=2592000,h3-29=\":443\"; ma=2592000,h3-27=\":443\"; ma=2592000,h3-T051=\":443\"; ma=2592000,h3-T050=\":443\"; ma=2592000,h3-Q046=\":443\"; ma=2592000,h3-Q043=\":443\"; ma=2592000,quic=\":443\"; ma=2592000; v=\"46,43\"","accept-ranges":"none","transfer-encoding":"chunked"}
[debug] [2020-09-18T17:18:28.872Z] >>> HTTP REQUEST GET https://firebase.googleapis.com/v1beta1/projects?pageSize=100  
 
[debug] [2020-09-18T17:18:29.977Z] <<< HTTP RESPONSE 401 {"www-authenticate":"Bearer realm=\"https://accounts.google.com/\", error=\"invalid_token\"","vary":"X-Origin, Referer, Origin,Accept-Encoding","content-type":"application/json; charset=UTF-8","date":"Fri, 18 Sep 2020 17:18:32 GMT","server":"ESF","cache-control":"private","x-xss-protection":"0","x-frame-options":"SAMEORIGIN","x-content-type-options":"nosniff","alt-svc":"h3-29=\":443\"; ma=2592000,h3-27=\":443\"; ma=2592000,h3-T051=\":443\"; ma=2592000,h3-T050=\":443\"; ma=2592000,h3-Q050=\":443\"; ma=2592000,h3-Q046=\":443\"; ma=2592000,h3-Q043=\":443\"; ma=2592000,quic=\":443\"; ma=2592000; v=\"46,43\"","accept-ranges":"none","transfer-encoding":"chunked"}
[debug] [2020-09-18T17:18:29.977Z] <<< HTTP RESPONSE BODY {"error":{"code":401,"message":"Request had invalid authentication credentials. Expected OAuth 2 access token, login cookie or other valid authentication credential. See https://developers.google.com/identity/sign-in/web/devconsole-project.","status":"UNAUTHENTICATED"}}
[debug] [2020-09-18T17:18:29.985Z] HTTP Error: 401, Request had invalid authentication credentials. Expected OAuth 2 access token, login cookie or other valid authentication credential. See https://developers.google.com/identity/sign-in/web/devconsole-project.
[debug] [2020-09-18T17:18:31.109Z] FirebaseError: HTTP Error: 401, Request had invalid authentication credentials. Expected OAuth 2 access token, login cookie or other valid authentication credential. See https://developers.google.com/identity/sign-in/web/devconsole-project.
    at module.exports (C:\Users\Jobayer\AppData\Roaming\npm\node_modules\firebase-tools\lib\responseToError.js:38:12)
    at Request._callback (C:\Users\Jobayer\AppData\Roaming\npm\node_modules\firebase-tools\lib\api.js:41:35)
    at Request.self.callback (C:\Users\Jobayer\AppData\Roaming\npm\node_modules\firebase-tools\node_modules\request\request.js:185:22)
    at Request.emit (events.js:182:13)
    at Request.EventEmitter.emit (domain.js:441:20)
    at Request.<anonymous> (C:\Users\Jobayer\AppData\Roaming\npm\node_modules\firebase-tools\node_modules\request\request.js:1154:10)
    at Request.emit (events.js:182:13)
    at Request.EventEmitter.emit (domain.js:441:20)
    at IncomingMessage.<anonymous> (C:\Users\Jobayer\AppData\Roaming\npm\node_modules\firebase-tools\node_modules\request\request.js:1076:12)
    at Object.onceWrapper (events.js:273:13)
    at IncomingMessage.emit (events.js:187:15)
    at IncomingMessage.EventEmitter.emit (domain.js:441:20)
    at endReadableNT (_stream_readable.js:1094:12)
    at process._tickCallback (internal/process/next_tick.js:63:19)
[error] 
[error] Error: Failed to list Firebase projects. See firebase-debug.log for more info.
[debug] [2020-09-18T17:18:40.952Z] ----------------------------------------------------------------------
[debug] [2020-09-18T17:18:40.957Z] Command:       D:\Program Files\nodejs\node.exe C:\Users\Jobayer\AppData\Roaming\npm\node_modules\firebase-tools\lib\bin\firebase.js init
[debug] [2020-09-18T17:18:40.958Z] CLI Version:   8.10.0
[debug] [2020-09-18T17:18:40.958Z] Platform:      win32
[debug] [2020-09-18T17:18:40.958Z] Node Version:  v10.15.0
[debug] [2020-09-18T17:18:40.960Z] Time:          Fri Sep 18 2020 23:18:40 GMT+0600 (Bangladesh Standard Time)
[debug] [2020-09-18T17:18:40.961Z] ----------------------------------------------------------------------
[debug] [2020-09-18T17:18:40.961Z] 
[debug] [2020-09-18T17:18:40.981Z] > command requires scopes: ["email","openid","https://www.googleapis.com/auth/cloudplatformprojects.readonly","https://www.googleapis.com/auth/firebase","https://www.googleapis.com/auth/cloud-platform"]
[debug] [2020-09-18T17:18:40.982Z] > authorizing via signed-in user
[info] 
     ######## #### ########  ######## ########     ###     ######  ########
     ##        ##  ##     ## ##       ##     ##  ##   ##  ##       ##
     ######    ##  ########  ######   ########  #########  ######  ######
     ##        ##  ##    ##  ##       ##     ## ##     ##       ## ##
     ##       #### ##     ## ######## ########  ##     ##  ######  ########

You're about to initialize a Firebase project in this directory:

  E:\xampp7\htdocs\travel_guru

[info] 
=== Project Setup
[info] 
[info] First, let's associate this project directory with a Firebase project.
[info] You can create multiple project aliases by running firebase use --add, 
[info] but for now we'll just set up a default project.
[info] 
[debug] [2020-09-18T17:18:55.529Z] > refreshing access token with scopes: ["email","https://www.googleapis.com/auth/cloud-platform","https://www.googleapis.com/auth/cloudplatformprojects.readonly","https://www.googleapis.com/auth/firebase","openid"]
[debug] [2020-09-18T17:18:55.529Z] >>> HTTP REQUEST POST https://www.googleapis.com/oauth2/v3/token  
 <request body omitted>
[debug] [2020-09-18T17:18:56.470Z] <<< HTTP RESPONSE 400 {"content-type":"application/json; charset=utf-8","vary":"X-Origin, Referer, Origin,Accept-Encoding","date":"Fri, 18 Sep 2020 17:18:58 GMT","server":"scaffolding on HTTPServer2","cache-control":"private","x-xss-protection":"0","x-frame-options":"SAMEORIGIN","x-content-type-options":"nosniff","alt-svc":"h3-Q050=\":443\"; ma=2592000,h3-29=\":443\"; ma=2592000,h3-27=\":443\"; ma=2592000,h3-T051=\":443\"; ma=2592000,h3-T050=\":443\"; ma=2592000,h3-Q046=\":443\"; ma=2592000,h3-Q043=\":443\"; ma=2592000,quic=\":443\"; ma=2592000; v=\"46,43\"","accept-ranges":"none","transfer-encoding":"chunked"}
[debug] [2020-09-18T17:18:56.474Z] >>> HTTP REQUEST GET https://firebase.googleapis.com/v1beta1/projects?pageSize=100  
 
[debug] [2020-09-18T17:18:57.220Z] <<< HTTP RESPONSE 401 {"www-authenticate":"Bearer realm=\"https://accounts.google.com/\", error=\"invalid_token\"","vary":"X-Origin, Referer, Origin,Accept-Encoding","content-type":"application/json; charset=UTF-8","date":"Fri, 18 Sep 2020 17:18:59 GMT","server":"ESF","cache-control":"private","x-xss-protection":"0","x-frame-options":"SAMEORIGIN","x-content-type-options":"nosniff","alt-svc":"h3-29=\":443\"; ma=2592000,h3-27=\":443\"; ma=2592000,h3-T051=\":443\"; ma=2592000,h3-T050=\":443\"; ma=2592000,h3-Q050=\":443\"; ma=2592000,h3-Q046=\":443\"; ma=2592000,h3-Q043=\":443\"; ma=2592000,quic=\":443\"; ma=2592000; v=\"46,43\"","accept-ranges":"none","transfer-encoding":"chunked"}
[debug] [2020-09-18T17:18:57.221Z] <<< HTTP RESPONSE BODY {"error":{"code":401,"message":"Request had invalid authentication credentials. Expected OAuth 2 access token, login cookie or other valid authentication credential. See https://developers.google.com/identity/sign-in/web/devconsole-project.","status":"UNAUTHENTICATED"}}
[debug] [2020-09-18T17:18:57.228Z] HTTP Error: 401, Request had invalid authentication credentials. Expected OAuth 2 access token, login cookie or other valid authentication credential. See https://developers.google.com/identity/sign-in/web/devconsole-project.
[debug] [2020-09-18T17:18:58.482Z] FirebaseError: HTTP Error: 401, Request had invalid authentication credentials. Expected OAuth 2 access token, login cookie or other valid authentication credential. See https://developers.google.com/identity/sign-in/web/devconsole-project.
    at module.exports (C:\Users\Jobayer\AppData\Roaming\npm\node_modules\firebase-tools\lib\responseToError.js:38:12)
    at Request._callback (C:\Users\Jobayer\AppData\Roaming\npm\node_modules\firebase-tools\lib\api.js:41:35)
    at Request.self.callback (C:\Users\Jobayer\AppData\Roaming\npm\node_modules\firebase-tools\node_modules\request\request.js:185:22)
    at Request.emit (events.js:182:13)
    at Request.EventEmitter.emit (domain.js:441:20)
    at Request.<anonymous> (C:\Users\Jobayer\AppData\Roaming\npm\node_modules\firebase-tools\node_modules\request\request.js:1154:10)
    at Request.emit (events.js:182:13)
    at Request.EventEmitter.emit (domain.js:441:20)
    at IncomingMessage.<anonymous> (C:\Users\Jobayer\AppData\Roaming\npm\node_modules\firebase-tools\node_modules\request\request.js:1076:12)
    at Object.onceWrapper (events.js:273:13)
    at IncomingMessage.emit (events.js:187:15)
    at IncomingMessage.EventEmitter.emit (domain.js:441:20)
    at endReadableNT (_stream_readable.js:1094:12)
    at process._tickCallback (internal/process/next_tick.js:63:19)
[error] 
[error] Error: Failed to list Firebase projects. See firebase-debug.log for more info.
